Arguments: 
  C:\Program Files\nodejs\node.exe C:\Program Files\nodejs\node_modules\yarn\bin\yarn.js install

PATH: 
  C:\ProgramData\Oracle\Java\javapath;C:\WINDOWS\system32;C:\WINDOWS;C:\WINDOWS\System32\Wbem;C:\WINDOWS\System32\WindowsPowerShell\v1.0\;c:\Program Files (x86)\WebEx\Productivity Tools;C:\Program Files\nodejs;C:\Program Files\TortoiseGit\bin;C:\xampp\mysql\bin;C:\curl\bin;C:\wamp64\bin\php\php7.2.14;C:\composer;C:\Program Files (x86)\AMD\ATI.ACE\Core-Static;C:\Program Files\MongoDB\Server\4.2\bin;C:\Users\rmani\AppData\Roaming\nvm;C:\Program Files\nodejs;C:\Program Files (x86)\Intel\Intel(R) Management Engine Components\DAL;C:\Program Files\Intel\Intel(R) Management Engine Components\DAL;C:\WINDOWS\System32\OpenSSH\;C:\Program Files\Amazon\AWSCLIV2\;C:\Ruby27-x64\bin;C:\Users\rmani\AppData\Local\Programs\Python\Python37-32\Scripts\;C:\Users\rmani\AppData\Local\Programs\Python\Python37-32\;C:\Users\rmani\AppData\Local\Microsoft\WindowsApps;C:\Users\rmani\AppData\Local\Programs\Fiddler;C:\Users\rmani\AppData\Roaming\Composer\vendor\bin;C:\composer;C:\Users\rmani\AppData\Local\Programs\Microsoft VS Code\bin;C:\Windows\System32;C:\Users\rmani\AppData\Roaming\nvm;C:\Program Files\nodejs;C:\Users\rmani\AppData\Local\Microsoft\WindowsApps;C:\Program Files\Git\bin;

Yarn version: 
  1.22.10

Node version: 
  13.13.0

Platform: 
  win32 x64

Trace: 
  SyntaxError: C:\project\learn\react-fundamental\Mono-repo\packages\webclient\package.json: Unexpected token } in JSON at position 186
      at JSON.parse (<anonymous>)
      at C:\Users\rmani\AppData\Roaming\nvm\v13.13.0\node_modules\yarn\lib\cli.js:1625:59
      at Generator.next (<anonymous>)
      at step (C:\Users\rmani\AppData\Roaming\nvm\v13.13.0\node_modules\yarn\lib\cli.js:310:30)
      at C:\Users\rmani\AppData\Roaming\nvm\v13.13.0\node_modules\yarn\lib\cli.js:321:13

npm manifest: 
  {
      "private": true,
      "name": "mono-repo",
      "workspaces": [
          "packages/*"
      ]
  }

yarn manifest: 
  No manifest

Lockfile: 
  # THIS IS AN AUTOGENERATED FILE. DO NOT EDIT THIS FILE DIRECTLY.
  # yarn lockfile v1
  
  
  bootstrap@^5.1.1:
    version "5.1.1"
    resolved "https://registry.yarnpkg.com/bootstrap/-/bootstrap-5.1.1.tgz#9d6eed81e08feaccedf3adaca51fe4b73a2871df"
    integrity sha512-/jUa4sSuDZWlDLQ1gwQQR8uoYSvLJzDd8m5o6bPKh3asLAMYVZKdRCjb1joUd5WXf0WwCNzd2EjwQQhupou0dA==
